c:\users\jayli\onedrive\desktop\preforcestuff\jferrell4\my_sdl_game\my_sdl_game\x64\debug\vc143.pdb
c:\users\jayli\onedrive\desktop\preforcestuff\jferrell4\my_sdl_game\my_sdl_game\x64\debug\vc143.idb
c:\users\jayli\onedrive\desktop\preforcestuff\jferrell4\my_sdl_game\my_sdl_game\x64\debug\door.obj
c:\users\jayli\onedrive\desktop\preforcestuff\jferrell4\my_sdl_game\my_sdl_game\x64\debug\playercharacter.obj
c:\users\jayli\onedrive\desktop\preforcestuff\jferrell4\my_sdl_game\my_sdl_game\x64\debug\background.obj
c:\users\jayli\onedrive\desktop\preforcestuff\jferrell4\my_sdl_game\my_sdl_game\x64\debug\mainmenu.obj
c:\users\jayli\onedrive\desktop\preforcestuff\jferrell4\my_sdl_game\my_sdl_game\x64\debug\main.obj
c:\users\jayli\onedrive\desktop\preforcestuff\jferrell4\my_sdl_game\my_sdl_game\x64\debug\losescreen.obj
c:\users\jayli\onedrive\desktop\preforcestuff\jferrell4\my_sdl_game\my_sdl_game\x64\debug\keyboardandmouse.obj
c:\users\jayli\onedrive\desktop\preforcestuff\jferrell4\my_sdl_game\my_sdl_game\x64\debug\imagehandler.obj
c:\users\jayli\onedrive\desktop\preforcestuff\jferrell4\my_sdl_game\my_sdl_game\x64\debug\healzone.obj
c:\users\jayli\onedrive\desktop\preforcestuff\jferrell4\my_sdl_game\my_sdl_game\x64\debug\ghost.obj
c:\users\jayli\onedrive\desktop\preforcestuff\jferrell4\my_sdl_game\my_sdl_game\x64\debug\floortrap.obj
c:\users\jayli\onedrive\desktop\preforcestuff\jferrell4\my_sdl_game\my_sdl_game\x64\debug\fairyfountain.obj
c:\users\jayli\onedrive\desktop\preforcestuff\jferrell4\my_sdl_game\my_sdl_game\x64\debug\dungeoncrawlergame.obj
c:\users\jayli\onedrive\desktop\preforcestuff\jferrell4\my_sdl_game\my_sdl_game\x64\debug\damagezone.obj
c:\users\jayli\onedrive\desktop\preforcestuff\jferrell4\my_sdl_game\my_sdl_game\x64\debug\collisionmanager.obj
c:\users\jayli\onedrive\desktop\preforcestuff\jferrell4\my_sdl_game\my_sdl_game\x64\debug\collider.obj
c:\users\jayli\onedrive\desktop\preforcestuff\jferrell4\my_sdl_game\my_sdl_game\x64\debug\coins.obj
c:\users\jayli\onedrive\desktop\preforcestuff\jferrell4\my_sdl_game\my_sdl_game\x64\debug\boxes.obj
c:\users\jayli\onedrive\desktop\preforcestuff\jferrell4\my_sdl_game\my_sdl_game\x64\debug\backandforwardmover.obj
c:\users\jayli\onedrive\desktop\preforcestuff\jferrell4\my_sdl_game\my_sdl_game\x64\debug\animator.obj
c:\users\jayli\onedrive\desktop\preforcestuff\jferrell4\my_sdl_game\my_sdl_game\x64\debug\winzone.obj
c:\users\jayli\onedrive\desktop\preforcestuff\jferrell4\my_sdl_game\my_sdl_game\x64\debug\winscreen.obj
c:\users\jayli\onedrive\desktop\preforcestuff\jferrell4\my_sdl_game\my_sdl_game\x64\debug\walls.obj
c:\users\jayli\onedrive\desktop\preforcestuff\jferrell4\my_sdl_game\my_sdl_game\x64\debug\wall.obj
c:\users\jayli\onedrive\desktop\preforcestuff\jferrell4\my_sdl_game\my_sdl_game\x64\debug\tutorial.obj
c:\users\jayli\onedrive\desktop\preforcestuff\jferrell4\my_sdl_game\my_sdl_game\x64\debug\tilemap.obj
c:\users\jayli\onedrive\desktop\preforcestuff\jferrell4\my_sdl_game\my_sdl_game\x64\debug\tile.obj
c:\users\jayli\onedrive\desktop\preforcestuff\jferrell4\my_sdl_game\my_sdl_game\x64\debug\texturemanager.obj
c:\users\jayli\onedrive\desktop\preforcestuff\jferrell4\my_sdl_game\my_sdl_game\x64\debug\switch.obj
c:\users\jayli\onedrive\desktop\preforcestuff\jferrell4\my_sdl_game\my_sdl_game\x64\debug\sdl_game.obj
c:\users\jayli\onedrive\desktop\preforcestuff\jferrell4\my_sdl_game\my_sdl_game\x64\debug\uitextfield.obj
c:\users\jayli\onedrive\desktop\preforcestuff\jferrell4\my_sdl_game\my_sdl_game\x64\debug\uibutton.obj
c:\users\jayli\onedrive\desktop\preforcestuff\jferrell4\my_sdl_game\my_sdl_game\x64\debug\playbutton.obj
c:\users\jayli\onedrive\desktop\preforcestuff\jferrell4\my_sdl_game\my_sdl_game\x64\debug\quitbutton.obj
c:\users\jayli\onedrive\desktop\preforcestuff\jferrell4\my_sdl_game\my_sdl_game\x64\debug\restartbutton.obj
c:\users\jayli\onedrive\desktop\preforcestuff\jferrell4\my_sdl_game\x64\debug\my_sdl_game.exe
c:\users\jayli\onedrive\desktop\preforcestuff\jferrell4\my_sdl_game\my_sdl_game\x64\debug\my_sdl_game.ilk
c:\users\jayli\onedrive\desktop\preforcestuff\jferrell4\my_sdl_game\x64\debug\my_sdl_game.pdb
c:\users\jayli\onedrive\desktop\preforcestuff\jferrell4\my_sdl_game\my_sdl_game\x64\debug\dungeoncrawlergame.obj.enc
c:\users\jayli\onedrive\desktop\preforcestuff\jferrell4\my_sdl_game\my_sdl_game\x64\debug\mainmenu.obj.enc
c:\users\jayli\onedrive\desktop\preforcestuff\jferrell4\my_sdl_game\my_sdl_game\x64\debug\tutorial.obj.enc
c:\users\jayli\onedrive\desktop\preforcestuff\jferrell4\my_sdl_game\my_sdl_game\x64\debug\my_sdl_game.tlog\cl.command.1.tlog
c:\users\jayli\onedrive\desktop\preforcestuff\jferrell4\my_sdl_game\my_sdl_game\x64\debug\my_sdl_game.tlog\cl.read.1.tlog
c:\users\jayli\onedrive\desktop\preforcestuff\jferrell4\my_sdl_game\my_sdl_game\x64\debug\my_sdl_game.tlog\cl.write.1.tlog
c:\users\jayli\onedrive\desktop\preforcestuff\jferrell4\my_sdl_game\my_sdl_game\x64\debug\my_sdl_game.tlog\link.command.1.tlog
c:\users\jayli\onedrive\desktop\preforcestuff\jferrell4\my_sdl_game\my_sdl_game\x64\debug\my_sdl_game.tlog\link.read.1.tlog
c:\users\jayli\onedrive\desktop\preforcestuff\jferrell4\my_sdl_game\my_sdl_game\x64\debug\my_sdl_game.tlog\link.write.1.tlog
